<?xml version="1.0" encoding="UTF-8"?>
<!-- Generated by org.testng.reporters.JUnitReportReporter -->
<testsuite hostname="LAPTOP-LEJ9M4GP" failures="0" tests="1" name="TestNGPractice.TNG2" time="0.004" errors="0" timestamp="2021-10-10T20:35:36 IST" skipped="0">
  <testcase classname="TestNGPractice.TNG2" name="method1" time="0.004"/>
  <system-out/>
</testsuite> <!-- TestNGPractice.TNG2 -->
