<?xml version="1.0" encoding="UTF-8"?>
<!-- Generated by org.testng.reporters.JUnitReportReporter -->
<testsuite hostname="LAPTOP-LEJ9M4GP" failures="0" tests="1" name="TESTNG2.TNG2CASE" time="0.001" errors="0" timestamp="2021-10-09T00:34:36 IST" skipped="0">
  <testcase classname="TESTNG2.TNG2CASE" name="Demo" time="0.001"/>
  <system-out/>
</testsuite> <!-- TESTNG2.TNG2CASE -->
