<?xml version="1.0" encoding="UTF-8"?>
<!-- Generated by org.testng.reporters.JUnitReportReporter -->
<testsuite hostname="LAPTOP-LEJ9M4GP" failures="0" tests="2" name="TestNGPractice.TNG1" time="0.003" errors="0" timestamp="2021-10-10T20:35:36 IST" skipped="0">
  <testcase classname="TestNGPractice.TNG1" name="method1" time="0.001"/>
  <system-out/>
  <testcase classname="TestNGPractice.TNG1" name="method2" time="0.002"/>
  <system-out/>
</testsuite> <!-- TestNGPractice.TNG1 -->
