<?xml version="1.0" encoding="UTF-8"?>
<!-- Generated by org.testng.reporters.JUnitReportReporter -->
<testsuite hostname="LAPTOP-LEJ9M4GP" failures="0" tests="2" name="TestNGPractice.TNG5" time="0.001" errors="0" timestamp="2021-10-10T20:35:36 IST" skipped="0">
  <testcase classname="TestNGPractice.TNG5" name="method4" time="0.001"/>
  <system-out>
    <![CDATA[TestNG Framework]]>
  </system-out>
  <testcase classname="TestNGPractice.TNG5" name="method3" time="0.000"/>
  <system-out>
    <![CDATA[TestNG Framework]]>
  </system-out>
</testsuite> <!-- TestNGPractice.TNG5 -->
