<?xml version="1.0" encoding="UTF-8"?>
<!-- Generated by org.testng.reporters.JUnitReportReporter -->
<testsuite hostname="LAPTOP-LEJ9M4GP" failures="0" tests="1" name="TestNGPractice.TNG3" time="0.002" errors="0" timestamp="2021-10-10T20:35:36 IST" skipped="0">
  <testcase classname="TestNGPractice.TNG3" name="M2" time="0.002"/>
  <system-out/>
</testsuite> <!-- TestNGPractice.TNG3 -->
