<?xml version="1.0" encoding="UTF-8"?>
<!-- Generated by org.testng.reporters.JUnitReportReporter -->
<testsuite hostname="LAPTOP-LEJ9M4GP" failures="0" tests="1" name="TestNGPractice.TestCase6" time="5.760" errors="0" timestamp="2021-10-10T20:35:36 IST" skipped="0">
  <testcase classname="TestNGPractice.TestCase6" name="verifyorangeHrm" time="5.760"/>
  <system-out>
    <![CDATA[Home Page displayed
UN,PWD are exists
OrangeHRM Page displayed
Welcome qaplanet1 displayed
Signoff sucessfull and Home Page displayed]]>
  </system-out>
</testsuite> <!-- TestNGPractice.TestCase6 -->
